<?xml version="1.0" encoding="UTF-8"?>
<testng-results skipped="0" failed="0" ignored="0" total="1" passed="1">
  <reporter-output>
  </reporter-output>
  <suite name="Default suite" duration-ms="65837" started-at="2020-06-19T12:19:01Z" finished-at="2020-06-19T12:20:07Z">
    <groups>
    </groups>
    <test name="Default test" duration-ms="65837" started-at="2020-06-19T12:19:01Z" finished-at="2020-06-19T12:20:07Z">
      <class name="com.VTiger.TestScripts.OrgTest">
        <test-method status="PASS" signature="configBS()[pri:0, instance:com.VTiger.TestScripts.OrgTest@93dd95]" name="configBS" is-config="true" duration-ms="41" started-at="2020-06-19T12:19:01Z" finished-at="2020-06-19T12:19:01Z">
          <reporter-output>
          </reporter-output>
        </test-method> <!-- configBS -->
        <test-method status="PASS" signature="configBC()[pri:0, instance:com.VTiger.TestScripts.OrgTest@93dd95]" name="configBC" is-config="true" duration-ms="12769" started-at="2020-06-19T12:19:01Z" finished-at="2020-06-19T12:19:14Z">
          <reporter-output>
          </reporter-output>
        </test-method> <!-- configBC -->
        <test-method status="PASS" signature="configBM()[pri:0, instance:com.VTiger.TestScripts.OrgTest@93dd95]" name="configBM" is-config="true" duration-ms="12950" started-at="2020-06-19T12:19:14Z" finished-at="2020-06-19T12:19:27Z">
          <reporter-output>
          </reporter-output>
        </test-method> <!-- configBM -->
        <test-method status="PASS" signature="createorganization()[pri:0, instance:com.VTiger.TestScripts.OrgTest@93dd95]" name="createorganization" duration-ms="36966" started-at="2020-06-19T12:19:27Z" finished-at="2020-06-19T12:20:04Z">
          <reporter-output>
          </reporter-output>
        </test-method> <!-- createorganization -->
        <test-method status="PASS" signature="configAM()[pri:0, instance:com.VTiger.TestScripts.OrgTest@93dd95]" name="configAM" is-config="true" duration-ms="2201" started-at="2020-06-19T12:20:04Z" finished-at="2020-06-19T12:20:06Z">
          <reporter-output>
          </reporter-output>
        </test-method> <!-- configAM -->
        <test-method status="PASS" signature="configAC()[pri:0, instance:com.VTiger.TestScripts.OrgTest@93dd95]" name="configAC" is-config="true" duration-ms="896" started-at="2020-06-19T12:20:06Z" finished-at="2020-06-19T12:20:07Z">
          <reporter-output>
          </reporter-output>
        </test-method> <!-- configAC -->
        <test-method status="PASS" signature="configAS()[pri:0, instance:com.VTiger.TestScripts.OrgTest@93dd95]" name="configAS" is-config="true" duration-ms="0" started-at="2020-06-19T12:20:07Z" finished-at="2020-06-19T12:20:07Z">
          <reporter-output>
          </reporter-output>
        </test-method> <!-- configAS -->
      </class> <!-- com.VTiger.TestScripts.OrgTest -->
    </test> <!-- Default test -->
  </suite> <!-- Default suite -->
</testng-results>
